#
# There is insufficient memory for the Java Runtime Environment to continue.
# Native memory allocation (malloc) failed to allocate 1048576 bytes for AllocateHeap
# Possible reasons:
#   The system is out of physical RAM or swap space
#   The process is running with CompressedOops enabled, and the Java Heap may be blocking the growth of the native heap
# Possible solutions:
#   Reduce memory load on the system
#   Increase physical memory or swap space
#   Check if swap backing store is full
#   Decrease Java heap size (-Xmx/-Xms)
#   Decrease number of Java threads
#   Decrease Java thread stack sizes (-Xss)
#   Set larger code cache with -XX:ReservedCodeCacheSize=
#   JVM is running with Unscaled Compressed Oops mode in which the Java heap is
#     placed in the first 4GB address space. The Java Heap base address is the
#     maximum limit for the native heap growth. Please use -XX:HeapBaseMinAddress
#     to set the Java Heap base and to place the Java Heap above 4GB virtual address.
# This output file may be truncated or incomplete.
#
#  Out of Memory Error (memory/allocation.inline.hpp:61), pid=6988, tid=0x0000000000000d2c
#
# JRE version:  (8.0_241-b07) (build )
# Java VM: Java HotSpot(TM) 64-Bit Server VM (25.241-b07 mixed mode windows-amd64 compressed oops)
# Failed to write core dump. Minidumps are not enabled by default on client versions of Windows
#

---------------  T H R E A D  ---------------

Current thread (0x0000000002dae800):  JavaThread "Unknown thread" [_thread_in_vm, id=3372, stack(0x0000000002c60000,0x0000000002d60000)]

Stack: [0x0000000002c60000,0x0000000002d60000]
[error occurred during error reporting (printing stack bounds), id 0xc0000005]

Native frames: (J=compiled Java code, j=interpreted, Vv=VM code, C=native code)


---------------  P R O C E S S  ---------------

Java Threads: ( => current thread )

Other Threads:

=>0x0000000002dae800 (exited) JavaThread "Unknown thread" [_thread_in_vm, id=3372, stack(0x0000000002c60000,0x0000000002d60000)]

VM state:not at safepoint (normal execution)

VM Mutex/Monitor currently owned by a thread: None

heap address: 0x0000000081200000, size: 2030 MB, Compressed Oops mode: 32-bit
Narrow klass base: 0x0000000000000000, Narrow klass shift: 3
Compressed class space size: 1073741824 Address: 0x0000000100000000

Heap:
 PSYoungGen      total 38400K, used 665K [0x00000000d5b80000, 0x00000000d8600000, 0x0000000100000000)
  eden space 33280K, 2% used [0x00000000d5b80000,0x00000000d5c26670,0x00000000d7c00000)
  from space 5120K, 0% used [0x00000000d8100000,0x00000000d8100000,0x00000000d8600000)
  to   space 5120K, 0% used [0x00000000d7c00000,0x00000000d7c00000,0x00000000d8100000)
 ParOldGen       total 87552K, used 0K [0x0000000081200000, 0x0000000086780000, 0x00000000d5b80000)
  object space 87552K, 0% used [0x0000000081200000,0x0000000081200000,0x0000000086780000)
 Metaspace       used 776K, capacity 4480K, committed 4480K, reserved 1056768K
  class space    used 76K, capacity 384K, committed 384K, reserved 1048576K

Card table byte_map: [0x0000000012370000,0x0000000012770000] byte_map_base: 0x0000000011f67000

Marking Bits: (ParMarkBitMap*) 0x0000000053d7be30
 Begin Bits: [0x0000000013220000, 0x00000000151d8000)
 End Bits:   [0x00000000151d8000, 0x0000000017190000)

Polling page: 0x00000000013e0000

CodeCache: size=245760Kb used=328Kb max_used=328Kb free=245431Kb
 bounds [0x0000000002fb0000, 0x0000000003220000, 0x0000000011fb0000]
 total_blobs=58 nmethods=0 adapters=38
 compilation: enabled

Compilation events (0 events):
No events

GC Heap History (0 events):
No events

Deoptimization events (0 events):
No events

Classes redefined (0 events):
No events

Internal exceptions (0 events):
No events

Events (10 events):
Event: 0.028 loading class java/lang/Short
Event: 0.028 loading class java/lang/Short done
Event: 0.028 loading class java/lang/Integer
Event: 0.028 loading class java/lang/Integer done
Event: 0.028 loading class java/lang/Long
Event: 0.029 loading class java/lang/Long done
Event: 0.029 loading class java/lang/NullPointerException
Event: 0.029 loading class java/lang/NullPointerException done
Event: 0.029 loading class java/lang/ArithmeticException
Event: 0.029 loading class java/lang/ArithmeticException done


Dynamic libraries:
0x00007ff62e490000 - 0x00007ff62e4c7000 	C:\Program Files\Java\jdk1.8.0_241\bin\java.exe
0x00007ffeee880000 - 0x00007ffeeea70000 	C:\Windows\SYSTEM32\ntdll.dll
0x00007ffeece90000 - 0x00007ffeecf42000 	C:\Windows\System32\KERNEL32.DLL
0x00007ffeec3d0000 - 0x00007ffeec673000 	C:\Windows\System32\KERNELBASE.dll
0x00007ffeedda0000 - 0x00007ffeede43000 	C:\Windows\System32\ADVAPI32.dll
0x00007ffeedca0000 - 0x00007ffeedd3e000 	C:\Windows\System32\msvcrt.dll
0x00007ffeede50000 - 0x00007ffeedee7000 	C:\Windows\System32\sechost.dll
0x00007ffeecbd0000 - 0x00007ffeeccf0000 	C:\Windows\System32\RPCRT4.dll
0x00007ffeee5f0000 - 0x00007ffeee784000 	C:\Windows\System32\USER32.dll
0x00007ffeec350000 - 0x00007ffeec371000 	C:\Windows\System32\win32u.dll
0x00007ffeed3d0000 - 0x00007ffeed3f6000 	C:\Windows\System32\GDI32.dll
0x00007ffeeb990000 - 0x00007ffeebb24000 	C:\Windows\System32\gdi32full.dll
0x00007ffeec2b0000 - 0x00007ffeec34e000 	C:\Windows\System32\msvcp_win.dll
0x00007ffeec7d0000 - 0x00007ffeec8ca000 	C:\Windows\System32\ucrtbase.dll
0x00007ffee4600000 - 0x00007ffee4885000 	C:\Windows\WinSxS\amd64_microsoft.windows.common-controls_6595b64144ccf1df_6.0.18362.720_none_e6beb5c51314836b\COMCTL32.dll
0x00007ffeed4e0000 - 0x00007ffeed816000 	C:\Windows\System32\combase.dll
0x00007ffeec6a0000 - 0x00007ffeec720000 	C:\Windows\System32\bcryptPrimitives.dll
0x00007ffeedc70000 - 0x00007ffeedc9e000 	C:\Windows\System32\IMM32.DLL
0x0000000053e00000 - 0x0000000053ed2000 	C:\Program Files\Java\jdk1.8.0_241\jre\bin\msvcr100.dll
0x0000000053550000 - 0x0000000053dfc000 	C:\Program Files\Java\jdk1.8.0_241\jre\bin\server\jvm.dll
0x00007ffeee5e0000 - 0x00007ffeee5e8000 	C:\Windows\System32\PSAPI.DLL
0x00007ffedad60000 - 0x00007ffedad69000 	C:\Windows\SYSTEM32\WSOCK32.dll
0x00007ffee25c0000 - 0x00007ffee25ca000 	C:\Windows\SYSTEM32\VERSION.dll
0x00007ffee9440000 - 0x00007ffee9464000 	C:\Windows\SYSTEM32\WINMM.dll
0x00007ffeedb80000 - 0x00007ffeedbef000 	C:\Windows\System32\WS2_32.dll
0x00007ffee9410000 - 0x00007ffee943d000 	C:\Windows\SYSTEM32\winmmbase.dll
0x00007ffeec380000 - 0x00007ffeec3ca000 	C:\Windows\System32\cfgmgr32.dll
0x00007ffee51e0000 - 0x00007ffee51ef000 	C:\Program Files\Java\jdk1.8.0_241\jre\bin\verify.dll
0x00007ffee09e0000 - 0x00007ffee0a09000 	C:\Program Files\Java\jdk1.8.0_241\jre\bin\java.dll
0x00007ffedeb90000 - 0x00007ffedebb3000 	C:\Program Files\Java\jdk1.8.0_241\jre\bin\instrument.dll
0x00007ffee0920000 - 0x00007ffee0936000 	C:\Program Files\Java\jdk1.8.0_241\jre\bin\zip.dll

VM Arguments:
jvm_args: -javaagent:C:\Program Files\JetBrains\IntelliJ IDEA 2019.3.3\lib\idea_rt.jar=63095:C:\Program Files\JetBrains\IntelliJ IDEA 2019.3.3\bin -Dfile.encoding=UTF-8 
java_command: com.company.Main
java_class_path (initial): C:\Program Files\Java\jdk1.8.0_241\jre\lib\charsets.jar;C:\Program Files\Java\jdk1.8.0_241\jre\lib\deploy.jar;C:\Program Files\Java\jdk1.8.0_241\jre\lib\ext\access-bridge-64.jar;C:\Program Files\Java\jdk1.8.0_241\jre\lib\ext\cldrdata.jar;C:\Program Files\Java\jdk1.8.0_241\jre\lib\ext\dnsns.jar;C:\Program Files\Java\jdk1.8.0_241\jre\lib\ext\jaccess.jar;C:\Program Files\Java\jdk1.8.0_241\jre\lib\ext\jfxrt.jar;C:\Program Files\Java\jdk1.8.0_241\jre\lib\ext\localedata.jar;C:\Program Files\Java\jdk1.8.0_241\jre\lib\ext\nashorn.jar;C:\Program Files\Java\jdk1.8.0_241\jre\lib\ext\sunec.jar;C:\Program Files\Java\jdk1.8.0_241\jre\lib\ext\sunjce_provider.jar;C:\Program Files\Java\jdk1.8.0_241\jre\lib\ext\sunmscapi.jar;C:\Program Files\Java\jdk1.8.0_241\jre\lib\ext\sunpkcs11.jar;C:\Program Files\Java\jdk1.8.0_241\jre\lib\ext\zipfs.jar;C:\Program Files\Java\jdk1.8.0_241\jre\lib\javaws.jar;C:\Program Files\Java\jdk1.8.0_241\jre\lib\jce.jar;C:\Program Files\Java\jdk1.8.0_241\jre\lib\jfr.jar;C:\Program Files\Java\jdk1.8.0_241\jre\lib\jfxswt.jar;C:\Program Files\Java\jdk1.8.0_241\jre\lib\jsse.jar;C:\Program Files\Java\jdk1.8.0_241\jre\lib\management-agent.jar;C:\Program Files\Java\jdk1.8.0_241\jre\lib\plugin.jar;C:\Program Files\Java\jdk1.8.0_241\jre\lib\resources.jar;C:\Program Files\Java\jdk1.8.0_241\jre\lib\rt.jar;D:\Compulsory7\out\production\Compulsory7;C:\Program Files\JetBrains\IntelliJ IDEA 2019.3.3\lib\idea_rt.jar
Launcher Type: SUN_STANDARD

Environment Variables:
JAVA_HOME=C:\Program Files (x86)\Java\jre1.8.0_241
PATH=C:\Python38\Scripts\;C:\Python38\;C:\Program Files (x86)\Common Files\Oracle\Java\javapath;D:\oracle\app\oracle\product\11.2.0\server\bin;C:\Windows\system32;C:\Windows;C:\Windows\System32\Wbem;C:\Windows\System32\WindowsPowerShell\v1.0\;C:\Windows\System32\OpenSSH\;C:\Program Files\Java\jdk-13.0.2\bin;C:\Program Files\Git\cmd;C:\Program Files\nodejs\;C:\ProgramData\chocolatey\bin;C:\Program Files (x86)\Java\jre1.8.0_241\bin;D:\apache-maven-3.6.3\bin;C:\Users\tsipo\.windows-build-tools\python27\;C:\Users\tsipo\AppData\Local\Microsoft\WindowsApps;;C:\Users\tsipo\AppData\Local\Programs\Microsoft VS Code\bin;C:\Users\tsipo\AppData\Roaming\npm
USERNAME=tsipo
OS=Windows_NT
PROCESSOR_IDENTIFIER=Intel64 Family 6 Model 158 Stepping 10, GenuineIntel



---------------  S Y S T E M  ---------------

OS: Windows 10.0 , 64 bit Build 18362 (10.0.18362.329)

CPU:total 8 (initial active 8) (4 cores per cpu, 2 threads per core) family 6 model 158 stepping 10, cmov, cx8, fxsr, mmx, sse, sse2, sse3, ssse3, sse4.1, sse4.2, popcnt, avx, avx2, aes, clmul, erms, 3dnowpref, lzcnt, ht, tsc, tscinvbit, bmi1, bmi2, adx

Memory: 4k page, physical 8306932k(1287832k free), swap 21664368k(5344k free)

vm_info: Java HotSpot(TM) 64-Bit Server VM (25.241-b07) for windows-amd64 JRE (1.8.0_241-b07), built on Dec 11 2019 10:21:40 by "rejava" with MS VC++ 10.0 (VS2010)

time: Mon Mar 30 16:24:25 2020
timezone: GTB Daylight Time
elapsed time: 0 seconds (0d 0h 0m 0s)

